;  LST file generated by mikroListExporter - v.2.0 
; Date/Time: 8/8/2024 9:08:17 PM
;----------------------------------------------

;Address Opcode 	ASM
0x0000	0x2910      	GOTO       272
_interrupt:
0x0004	0x00FF      	MOVWF      R15
0x0005	0x0E03      	SWAPF      STATUS, 0
0x0006	0x0183      	CLRF       STATUS
0x0007	0x00AC      	MOVWF      ___saveSTATUS
0x0008	0x080A      	MOVF       PCLATH, 0
0x0009	0x00AB      	MOVWF      ___savePCLATH
0x000A	0x018A      	CLRF       PCLATH
0x000B	0x0870      	MOVF       R0, 0
0x000C	0x00A3      	MOVWF      35
0x000D	0x087B      	MOVF       R11, 0
0x000E	0x00A2      	MOVWF      34
0x000F	0x087C      	MOVF       R12, 0
0x0010	0x00A1      	MOVWF      33
0x0011	0x087D      	MOVF       R13, 0
0x0012	0x00A0      	MOVWF      32
;traffic_project.c,7 :: 		void interrupt(){
;traffic_project.c,9 :: 		if(INTF_BIT==1&&portb.b1==0){
0x0013	0x1C8B      	BTFSS      INTF_bit, BitPos(INTF_bit+0)
0x0014	0x2881      	GOTO       L_interrupt2
0x0015	0x1886      	BTFSC      PORTB, 1
0x0016	0x2881      	GOTO       L_interrupt2
L__interrupt66:
;traffic_project.c,10 :: 		if(flag==0){leds_cond=portb;flag=1;}
0x0017	0x0825      	MOVF       _flag, 0
0x0018	0x3A00      	XORLW      0
0x0019	0x1D03      	BTFSS      STATUS, 2
0x001A	0x281F      	GOTO       L_interrupt3
0x001B	0x0806      	MOVF       PORTB, 0
0x001C	0x00AA      	MOVWF      _leds_cond
0x001D	0x3001      	MOVLW      1
0x001E	0x00A5      	MOVWF      _flag
L_interrupt3:
;traffic_project.c,11 :: 		portd.b6=portd.b7=1;
0x001F	0x1788      	BSF        PORTD, 7
0x0020	0x1B88      	BTFSC      PORTD, 7
0x0021	0x2824      	GOTO       L__interrupt72
0x0022	0x1308      	BCF        PORTD, 6
0x0023	0x2825      	GOTO       L__interrupt73
L__interrupt72:
0x0024	0x1708      	BSF        PORTD, 6
L__interrupt73:
;traffic_project.c,12 :: 		portb.b5=portb.b6=portb.b7=0;
0x0025	0x1386      	BCF        PORTB, 7
0x0026	0x1B86      	BTFSC      PORTB, 7
0x0027	0x282A      	GOTO       L__interrupt74
0x0028	0x1306      	BCF        PORTB, 6
0x0029	0x282B      	GOTO       L__interrupt75
L__interrupt74:
0x002A	0x1706      	BSF        PORTB, 6
L__interrupt75:
0x002B	0x1B06      	BTFSC      PORTB, 6
0x002C	0x282F      	GOTO       L__interrupt76
0x002D	0x1286      	BCF        PORTB, 5
0x002E	0x2830      	GOTO       L__interrupt77
L__interrupt76:
0x002F	0x1686      	BSF        PORTB, 5
L__interrupt77:
;traffic_project.c,14 :: 		for(count=3;count>0;count--){
0x0030	0x3003      	MOVLW      3
0x0031	0x00A4      	MOVWF      _count
L_interrupt4:
0x0032	0x0824      	MOVF       _count, 0
0x0033	0x3C00      	SUBLW      0
0x0034	0x1803      	BTFSC      STATUS, 0
0x0035	0x284A      	GOTO       L_interrupt5
;traffic_project.c,15 :: 		portb.b6=1;
0x0036	0x1706      	BSF        PORTB, 6
;traffic_project.c,16 :: 		portc=count;
0x0037	0x0824      	MOVF       _count, 0
0x0038	0x0087      	MOVWF      PORTC
;traffic_project.c,17 :: 		portc.b7=1;
0x0039	0x1787      	BSF        PORTC, 7
;traffic_project.c,18 :: 		delay_ms(1000);
0x003A	0x300B      	MOVLW      11
0x003B	0x00FB      	MOVWF      R11
0x003C	0x3026      	MOVLW      38
0x003D	0x00FC      	MOVWF      R12
0x003E	0x305D      	MOVLW      93
0x003F	0x00FD      	MOVWF      R13
L_interrupt7:
0x0040	0x0BFD      	DECFSZ     R13, 1
0x0041	0x2840      	GOTO       L_interrupt7
0x0042	0x0BFC      	DECFSZ     R12, 1
0x0043	0x2840      	GOTO       L_interrupt7
0x0044	0x0BFB      	DECFSZ     R11, 1
0x0045	0x2840      	GOTO       L_interrupt7
0x0046	0x0000      	NOP
0x0047	0x0000      	NOP
;traffic_project.c,14 :: 		for(count=3;count>0;count--){
0x0048	0x03A4      	DECF       _count, 1
;traffic_project.c,19 :: 		}
0x0049	0x2832      	GOTO       L_interrupt4
L_interrupt5:
;traffic_project.c,20 :: 		portb.b6=portb.b2=portb.b3=0;
0x004A	0x1186      	BCF        PORTB, 3
0x004B	0x1986      	BTFSC      PORTB, 3
0x004C	0x284F      	GOTO       L__interrupt78
0x004D	0x1106      	BCF        PORTB, 2
0x004E	0x2850      	GOTO       L__interrupt79
L__interrupt78:
0x004F	0x1506      	BSF        PORTB, 2
L__interrupt79:
0x0050	0x1906      	BTFSC      PORTB, 2
0x0051	0x2854      	GOTO       L__interrupt80
0x0052	0x1306      	BCF        PORTB, 6
0x0053	0x2855      	GOTO       L__interrupt81
L__interrupt80:
0x0054	0x1706      	BSF        PORTB, 6
L__interrupt81:
;traffic_project.c,21 :: 		portc.b6=portc.b7=portb.b4=portb.b5=1;
0x0055	0x1686      	BSF        PORTB, 5
0x0056	0x1A86      	BTFSC      PORTB, 5
0x0057	0x285A      	GOTO       L__interrupt82
0x0058	0x1206      	BCF        PORTB, 4
0x0059	0x285B      	GOTO       L__interrupt83
L__interrupt82:
0x005A	0x1606      	BSF        PORTB, 4
L__interrupt83:
0x005B	0x1A06      	BTFSC      PORTB, 4
0x005C	0x285F      	GOTO       L__interrupt84
0x005D	0x1387      	BCF        PORTC, 7
0x005E	0x2860      	GOTO       L__interrupt85
L__interrupt84:
0x005F	0x1787      	BSF        PORTC, 7
L__interrupt85:
0x0060	0x1B87      	BTFSC      PORTC, 7
0x0061	0x2864      	GOTO       L__interrupt86
0x0062	0x1307      	BCF        PORTC, 6
0x0063	0x2865      	GOTO       L__interrupt87
L__interrupt86:
0x0064	0x1707      	BSF        PORTC, 6
L__interrupt87:
;traffic_project.c,23 :: 		while(portb.b0==1&&portb.b1==0){}
L_interrupt8:
0x0065	0x1C06      	BTFSS      PORTB, 0
0x0066	0x286A      	GOTO       L_interrupt9
0x0067	0x1886      	BTFSC      PORTB, 1
0x0068	0x286A      	GOTO       L_interrupt9
L__interrupt65:
0x0069	0x2865      	GOTO       L_interrupt8
L_interrupt9:
;traffic_project.c,24 :: 		if(portb.b1==1&&portb.b0==1){INTF_BIT=1;
0x006A	0x1C86      	BTFSS      PORTB, 1
0x006B	0x2870      	GOTO       L_interrupt14
0x006C	0x1C06      	BTFSS      PORTB, 0
0x006D	0x2870      	GOTO       L_interrupt14
L__interrupt64:
0x006E	0x148B      	BSF        INTF_bit, BitPos(INTF_bit+0)
;traffic_project.c,25 :: 		}else{
0x006F	0x2880      	GOTO       L_interrupt15
L_interrupt14:
;traffic_project.c,26 :: 		portb=leds_cond;
0x0070	0x082A      	MOVF       _leds_cond, 0
0x0071	0x0086      	MOVWF      PORTB
;traffic_project.c,27 :: 		leds_cond=0;flag=0;
0x0072	0x01AA      	CLRF       _leds_cond
0x0073	0x01A5      	CLRF       _flag
;traffic_project.c,28 :: 		portc.b6=portd.b6=portd.b7=0;
0x0074	0x1388      	BCF        PORTD, 7
0x0075	0x1B88      	BTFSC      PORTD, 7
0x0076	0x2879      	GOTO       L__interrupt88
0x0077	0x1308      	BCF        PORTD, 6
0x0078	0x287A      	GOTO       L__interrupt89
L__interrupt88:
0x0079	0x1708      	BSF        PORTD, 6
L__interrupt89:
0x007A	0x1B08      	BTFSC      PORTD, 6
0x007B	0x287E      	GOTO       L__interrupt90
0x007C	0x1307      	BCF        PORTC, 6
0x007D	0x287F      	GOTO       L__interrupt91
L__interrupt90:
0x007E	0x1707      	BSF        PORTC, 6
L__interrupt91:
;traffic_project.c,29 :: 		INTF_BIT=0;
0x007F	0x108B      	BCF        INTF_bit, BitPos(INTF_bit+0)
;traffic_project.c,30 :: 		}
L_interrupt15:
;traffic_project.c,33 :: 		}else if(INTF_BIT==1&&portb.b1==1){
0x0080	0x28EE      	GOTO       L_interrupt16
L_interrupt2:
0x0081	0x1C8B      	BTFSS      INTF_bit, BitPos(INTF_bit+0)
0x0082	0x28EE      	GOTO       L_interrupt19
0x0083	0x1C86      	BTFSS      PORTB, 1
0x0084	0x28EE      	GOTO       L_interrupt19
L__interrupt63:
;traffic_project.c,35 :: 		if(flag==0){leds_cond=portb;flag=1;}
0x0085	0x0825      	MOVF       _flag, 0
0x0086	0x3A00      	XORLW      0
0x0087	0x1D03      	BTFSS      STATUS, 2
0x0088	0x288D      	GOTO       L_interrupt20
0x0089	0x0806      	MOVF       PORTB, 0
0x008A	0x00AA      	MOVWF      _leds_cond
0x008B	0x3001      	MOVLW      1
0x008C	0x00A5      	MOVWF      _flag
L_interrupt20:
;traffic_project.c,36 :: 		portc.b6=portc.b7=1;
0x008D	0x1787      	BSF        PORTC, 7
0x008E	0x1B87      	BTFSC      PORTC, 7
0x008F	0x2892      	GOTO       L__interrupt92
0x0090	0x1307      	BCF        PORTC, 6
0x0091	0x2893      	GOTO       L__interrupt93
L__interrupt92:
0x0092	0x1707      	BSF        PORTC, 6
L__interrupt93:
;traffic_project.c,37 :: 		portb.b2=portb.b3=portb.b4=0;
0x0093	0x1206      	BCF        PORTB, 4
0x0094	0x1A06      	BTFSC      PORTB, 4
0x0095	0x2898      	GOTO       L__interrupt94
0x0096	0x1186      	BCF        PORTB, 3
0x0097	0x2899      	GOTO       L__interrupt95
L__interrupt94:
0x0098	0x1586      	BSF        PORTB, 3
L__interrupt95:
0x0099	0x1986      	BTFSC      PORTB, 3
0x009A	0x289D      	GOTO       L__interrupt96
0x009B	0x1106      	BCF        PORTB, 2
0x009C	0x289E      	GOTO       L__interrupt97
L__interrupt96:
0x009D	0x1506      	BSF        PORTB, 2
L__interrupt97:
;traffic_project.c,39 :: 		for(count=3;count>0;count--){
0x009E	0x3003      	MOVLW      3
0x009F	0x00A4      	MOVWF      _count
L_interrupt21:
0x00A0	0x0824      	MOVF       _count, 0
0x00A1	0x3C00      	SUBLW      0
0x00A2	0x1803      	BTFSC      STATUS, 0
0x00A3	0x28B8      	GOTO       L_interrupt22
;traffic_project.c,40 :: 		portb.b3=1;
0x00A4	0x1586      	BSF        PORTB, 3
;traffic_project.c,41 :: 		portd=count;
0x00A5	0x0824      	MOVF       _count, 0
0x00A6	0x0088      	MOVWF      PORTD
;traffic_project.c,42 :: 		portd.b7=1 ;
0x00A7	0x1788      	BSF        PORTD, 7
;traffic_project.c,43 :: 		delay_ms(1000);
0x00A8	0x300B      	MOVLW      11
0x00A9	0x00FB      	MOVWF      R11
0x00AA	0x3026      	MOVLW      38
0x00AB	0x00FC      	MOVWF      R12
0x00AC	0x305D      	MOVLW      93
0x00AD	0x00FD      	MOVWF      R13
L_interrupt24:
0x00AE	0x0BFD      	DECFSZ     R13, 1
0x00AF	0x28AE      	GOTO       L_interrupt24
0x00B0	0x0BFC      	DECFSZ     R12, 1
0x00B1	0x28AE      	GOTO       L_interrupt24
0x00B2	0x0BFB      	DECFSZ     R11, 1
0x00B3	0x28AE      	GOTO       L_interrupt24
0x00B4	0x0000      	NOP
0x00B5	0x0000      	NOP
;traffic_project.c,39 :: 		for(count=3;count>0;count--){
0x00B6	0x03A4      	DECF       _count, 1
;traffic_project.c,44 :: 		}
0x00B7	0x28A0      	GOTO       L_interrupt21
L_interrupt22:
;traffic_project.c,45 :: 		portb.b3=portb.b5=portb.b6=0;
0x00B8	0x1306      	BCF        PORTB, 6
0x00B9	0x1B06      	BTFSC      PORTB, 6
0x00BA	0x28BD      	GOTO       L__interrupt98
0x00BB	0x1286      	BCF        PORTB, 5
0x00BC	0x28BE      	GOTO       L__interrupt99
L__interrupt98:
0x00BD	0x1686      	BSF        PORTB, 5
L__interrupt99:
0x00BE	0x1A86      	BTFSC      PORTB, 5
0x00BF	0x28C2      	GOTO       L__interrupt100
0x00C0	0x1186      	BCF        PORTB, 3
0x00C1	0x28C3      	GOTO       L__interrupt101
L__interrupt100:
0x00C2	0x1586      	BSF        PORTB, 3
L__interrupt101:
;traffic_project.c,46 :: 		portd.b6=portb.b2=portb.b7=1;
0x00C3	0x1786      	BSF        PORTB, 7
0x00C4	0x1B86      	BTFSC      PORTB, 7
0x00C5	0x28C8      	GOTO       L__interrupt102
0x00C6	0x1106      	BCF        PORTB, 2
0x00C7	0x28C9      	GOTO       L__interrupt103
L__interrupt102:
0x00C8	0x1506      	BSF        PORTB, 2
L__interrupt103:
0x00C9	0x1906      	BTFSC      PORTB, 2
0x00CA	0x28CD      	GOTO       L__interrupt104
0x00CB	0x1308      	BCF        PORTD, 6
0x00CC	0x28CE      	GOTO       L__interrupt105
L__interrupt104:
0x00CD	0x1708      	BSF        PORTD, 6
L__interrupt105:
;traffic_project.c,48 :: 		while(portb.b0==1&&portb.b1==1){}
L_interrupt25:
0x00CE	0x1C06      	BTFSS      PORTB, 0
0x00CF	0x28D3      	GOTO       L_interrupt26
0x00D0	0x1C86      	BTFSS      PORTB, 1
0x00D1	0x28D3      	GOTO       L_interrupt26
L__interrupt62:
0x00D2	0x28CE      	GOTO       L_interrupt25
L_interrupt26:
;traffic_project.c,49 :: 		if(portb.b1==0&&portb.b0==1){INTF_BIT=1;
0x00D3	0x1886      	BTFSC      PORTB, 1
0x00D4	0x28D9      	GOTO       L_interrupt31
0x00D5	0x1C06      	BTFSS      PORTB, 0
0x00D6	0x28D9      	GOTO       L_interrupt31
L__interrupt61:
0x00D7	0x148B      	BSF        INTF_bit, BitPos(INTF_bit+0)
;traffic_project.c,50 :: 		}else{
0x00D8	0x28EE      	GOTO       L_interrupt32
L_interrupt31:
;traffic_project.c,51 :: 		portb=leds_cond;
0x00D9	0x082A      	MOVF       _leds_cond, 0
0x00DA	0x0086      	MOVWF      PORTB
;traffic_project.c,52 :: 		leds_cond=0;flag=0;
0x00DB	0x01AA      	CLRF       _leds_cond
0x00DC	0x01A5      	CLRF       _flag
;traffic_project.c,53 :: 		portc.b6=portc.b7=portd.b6=portd.b7=0;
0x00DD	0x1388      	BCF        PORTD, 7
0x00DE	0x1B88      	BTFSC      PORTD, 7
0x00DF	0x28E2      	GOTO       L__interrupt106
0x00E0	0x1308      	BCF        PORTD, 6
0x00E1	0x28E3      	GOTO       L__interrupt107
L__interrupt106:
0x00E2	0x1708      	BSF        PORTD, 6
L__interrupt107:
0x00E3	0x1B08      	BTFSC      PORTD, 6
0x00E4	0x28E7      	GOTO       L__interrupt108
0x00E5	0x1387      	BCF        PORTC, 7
0x00E6	0x28E8      	GOTO       L__interrupt109
L__interrupt108:
0x00E7	0x1787      	BSF        PORTC, 7
L__interrupt109:
0x00E8	0x1B87      	BTFSC      PORTC, 7
0x00E9	0x28EC      	GOTO       L__interrupt110
0x00EA	0x1307      	BCF        PORTC, 6
0x00EB	0x28ED      	GOTO       L__interrupt111
L__interrupt110:
0x00EC	0x1707      	BSF        PORTC, 6
L__interrupt111:
;traffic_project.c,54 :: 		INTF_BIT=0;
0x00ED	0x108B      	BCF        INTF_bit, BitPos(INTF_bit+0)
;traffic_project.c,55 :: 		}
L_interrupt32:
;traffic_project.c,56 :: 		}
L_interrupt19:
L_interrupt16:
;traffic_project.c,57 :: 		}
L_end_interrupt:
L__interrupt71:
0x00EE	0x0823      	MOVF       35, 0
0x00EF	0x00F0      	MOVWF      R0
0x00F0	0x0822      	MOVF       34, 0
0x00F1	0x00FB      	MOVWF      R11
0x00F2	0x0821      	MOVF       33, 0
0x00F3	0x00FC      	MOVWF      R12
0x00F4	0x0820      	MOVF       32, 0
0x00F5	0x00FD      	MOVWF      R13
0x00F6	0x082B      	MOVF       ___savePCLATH, 0
0x00F7	0x008A      	MOVWF      PCLATH
0x00F8	0x0E2C      	SWAPF      ___saveSTATUS, 0
0x00F9	0x0083      	MOVWF      STATUS
0x00FA	0x0EFF      	SWAPF      R15, 1
0x00FB	0x0E7F      	SWAPF      R15, 0
0x00FC	0x0009      	RETFIE
; end of _interrupt
_____DoICP:
;__Lib_System.c,6 :: 		
;__Lib_System.c,9 :: 		
0x00FD	0x1283      	BCF        STATUS, 5
0x00FE	0x1303      	BCF        STATUS, 6
0x00FF	0x0829      	MOVF       ___DoICPAddr+1, 0
0x0100	0x008A      	MOVWF      PCLATH
;__Lib_System.c,10 :: 		
0x0101	0x0828      	MOVF       ___DoICPAddr, 0
0x0102	0x0082      	MOVWF      PCL
;__Lib_System.c,12 :: 		
L_end_____DoICP:
0x0103	0x0008      	RETURN
; end of _____DoICP
___CC2DW:
;__Lib_System.c,134 :: 		
;__Lib_System.c,137 :: 		
_CC2D_Loop1:
;__Lib_System.c,139 :: 		
0x0104	0x20FD      	CALL       _____DoICP
0x0105	0x118A      	BCF        PCLATH, 3
0x0106	0x120A      	BCF        PCLATH, 4
;__Lib_System.c,141 :: 		
0x0107	0x0080      	MOVWF      INDF
;__Lib_System.c,142 :: 		
0x0108	0x0A84      	INCF       FSR, 1
;__Lib_System.c,143 :: 		
0x0109	0x0AA8      	INCF       ___DoICPAddr, 1
;__Lib_System.c,145 :: 		
0x010A	0x1903      	BTFSC      STATUS, 2
;__Lib_System.c,146 :: 		
0x010B	0x0AA9      	INCF       ___DoICPAddr+1, 1
;__Lib_System.c,147 :: 		
0x010C	0x03F0      	DECF       R0, 1
;__Lib_System.c,149 :: 		
0x010D	0x1D03      	BTFSS      STATUS, 2
;__Lib_System.c,150 :: 		
0x010E	0x2904      	GOTO       _CC2D_Loop1
;__Lib_System.c,152 :: 		
L_end___CC2DW:
0x010F	0x0008      	RETURN
; end of ___CC2DW
_main:
0x0110	0x1283      	BCF        STATUS, 5
0x0111	0x1303      	BCF        STATUS, 6
0x0112	0x01A4      	CLRF       _count
0x0113	0x01A5      	CLRF       _flag
0x0114	0x01A6      	CLRF       _seg1
0x0115	0x01A7      	CLRF       _seg3
;traffic_project.c,58 :: 		void main() {
;traffic_project.c,59 :: 		adcon1=0x07;
0x0116	0x3007      	MOVLW      7
0x0117	0x1683      	BSF        STATUS, 5
0x0118	0x009F      	MOVWF      ADCON1
;traffic_project.c,60 :: 		trisb=0b00000011;
0x0119	0x3003      	MOVLW      3
0x011A	0x0086      	MOVWF      TRISB
;traffic_project.c,61 :: 		trisc=trisd=trisa=trise=0;
0x011B	0x0189      	CLRF       TRISE
0x011C	0x0809      	MOVF       TRISE, 0
0x011D	0x0085      	MOVWF      TRISA
0x011E	0x0805      	MOVF       TRISA, 0
0x011F	0x0088      	MOVWF      TRISD
0x0120	0x0808      	MOVF       TRISD, 0
0x0121	0x0087      	MOVWF      TRISC
;traffic_project.c,62 :: 		portc=portd=porta=0;
0x0122	0x1283      	BCF        STATUS, 5
0x0123	0x0185      	CLRF       PORTA
0x0124	0x0805      	MOVF       PORTA, 0
0x0125	0x0088      	MOVWF      PORTD
0x0126	0x0808      	MOVF       PORTD, 0
0x0127	0x0087      	MOVWF      PORTC
;traffic_project.c,63 :: 		GIE_BIT=1;
0x0128	0x178B      	BSF        GIE_bit, BitPos(GIE_bit+0)
;traffic_project.c,64 :: 		INTE_BIT=1;
0x0129	0x160B      	BSF        INTE_bit, BitPos(INTE_bit+0)
;traffic_project.c,65 :: 		INTEDG_BIT=1;
0x012A	0x1683      	BSF        STATUS, 5
0x012B	0x1701      	BSF        INTEDG_bit, BitPos(INTEDG_bit+0)
;traffic_project.c,67 :: 		for(;;){
L_main33:
;traffic_project.c,68 :: 		portb=0;
0x012C	0x1283      	BCF        STATUS, 5
0x012D	0x0186      	CLRF       PORTB
;traffic_project.c,69 :: 		portb.b7=1;
0x012E	0x1786      	BSF        PORTB, 7
;traffic_project.c,70 :: 		portb.B2=1;
0x012F	0x1506      	BSF        PORTB, 2
;traffic_project.c,71 :: 		porte=1;
0x0130	0x3001      	MOVLW      1
0x0131	0x0089      	MOVWF      PORTE
;traffic_project.c,72 :: 		porta=1;
0x0132	0x3001      	MOVLW      1
0x0133	0x0085      	MOVWF      PORTA
;traffic_project.c,74 :: 		for(seg1=5,seg3=8;seg1<12;seg1++,seg3++){
0x0134	0x3005      	MOVLW      5
0x0135	0x00A6      	MOVWF      _seg1
0x0136	0x3008      	MOVLW      8
0x0137	0x00A7      	MOVWF      _seg3
L_main36:
0x0138	0x300C      	MOVLW      12
0x0139	0x0226      	SUBWF      _seg1, 0
0x013A	0x1803      	BTFSC      STATUS, 0
0x013B	0x297C      	GOTO       L_main37
;traffic_project.c,75 :: 		if(seg1==11){seg1=1;porta--;}
0x013C	0x0826      	MOVF       _seg1, 0
0x013D	0x3A0B      	XORLW      11
0x013E	0x1D03      	BTFSS      STATUS, 2
0x013F	0x2946      	GOTO       L_main39
0x0140	0x3001      	MOVLW      1
0x0141	0x00A6      	MOVWF      _seg1
0x0142	0x0305      	DECF       PORTA, 0
0x0143	0x00F0      	MOVWF      R0
0x0144	0x0870      	MOVF       R0, 0
0x0145	0x0085      	MOVWF      PORTA
L_main39:
;traffic_project.c,76 :: 		if(seg3==11){seg3=1;porte--;}
0x0146	0x0827      	MOVF       _seg3, 0
0x0147	0x3A0B      	XORLW      11
0x0148	0x1D03      	BTFSS      STATUS, 2
0x0149	0x2950      	GOTO       L_main40
0x014A	0x3001      	MOVLW      1
0x014B	0x00A7      	MOVWF      _seg3
0x014C	0x0309      	DECF       PORTE, 0
0x014D	0x00F0      	MOVWF      R0
0x014E	0x0870      	MOVF       R0, 0
0x014F	0x0089      	MOVWF      PORTE
L_main40:
;traffic_project.c,77 :: 		if(seg1==7&&porta==0){
0x0150	0x0826      	MOVF       _seg1, 0
0x0151	0x3A07      	XORLW      7
0x0152	0x1D03      	BTFSS      STATUS, 2
0x0153	0x295C      	GOTO       L_main43
0x0154	0x0805      	MOVF       PORTA, 0
0x0155	0x3A00      	XORLW      0
0x0156	0x1D03      	BTFSS      STATUS, 2
0x0157	0x295C      	GOTO       L_main43
L__main69:
;traffic_project.c,78 :: 		seg3=7;
0x0158	0x3007      	MOVLW      7
0x0159	0x00A7      	MOVWF      _seg3
;traffic_project.c,79 :: 		portb.b7=0;
0x015A	0x1386      	BCF        PORTB, 7
;traffic_project.c,80 :: 		portb.b6=1;
0x015B	0x1706      	BSF        PORTB, 6
;traffic_project.c,81 :: 		}
L_main43:
;traffic_project.c,82 :: 		if(seg1==10&&porta==0){
0x015C	0x0826      	MOVF       _seg1, 0
0x015D	0x3A0A      	XORLW      10
0x015E	0x1D03      	BTFSS      STATUS, 2
0x015F	0x2965      	GOTO       L_main46
0x0160	0x0805      	MOVF       PORTA, 0
0x0161	0x3A00      	XORLW      0
0x0162	0x1D03      	BTFSS      STATUS, 2
0x0163	0x2965      	GOTO       L_main46
L__main68:
;traffic_project.c,83 :: 		break;
0x0164	0x297C      	GOTO       L_main37
;traffic_project.c,84 :: 		}
L_main46:
;traffic_project.c,85 :: 		portd=10-seg1;
0x0165	0x0826      	MOVF       _seg1, 0
0x0166	0x3C0A      	SUBLW      10
0x0167	0x0088      	MOVWF      PORTD
;traffic_project.c,86 :: 		portc=10-seg3;
0x0168	0x0827      	MOVF       _seg3, 0
0x0169	0x3C0A      	SUBLW      10
0x016A	0x0087      	MOVWF      PORTC
;traffic_project.c,87 :: 		delay_ms(1000);
0x016B	0x300B      	MOVLW      11
0x016C	0x00FB      	MOVWF      R11
0x016D	0x3026      	MOVLW      38
0x016E	0x00FC      	MOVWF      R12
0x016F	0x305D      	MOVLW      93
0x0170	0x00FD      	MOVWF      R13
L_main47:
0x0171	0x0BFD      	DECFSZ     R13, 1
0x0172	0x2971      	GOTO       L_main47
0x0173	0x0BFC      	DECFSZ     R12, 1
0x0174	0x2971      	GOTO       L_main47
0x0175	0x0BFB      	DECFSZ     R11, 1
0x0176	0x2971      	GOTO       L_main47
0x0177	0x0000      	NOP
0x0178	0x0000      	NOP
;traffic_project.c,74 :: 		for(seg1=5,seg3=8;seg1<12;seg1++,seg3++){
0x0179	0x0AA6      	INCF       _seg1, 1
0x017A	0x0AA7      	INCF       _seg3, 1
;traffic_project.c,88 :: 		}
0x017B	0x2938      	GOTO       L_main36
L_main37:
;traffic_project.c,90 :: 		seg1=seg3=0;
0x017C	0x01A7      	CLRF       _seg3
0x017D	0x01A6      	CLRF       _seg1
;traffic_project.c,92 :: 		portb.B5=1;
0x017E	0x1686      	BSF        PORTB, 5
;traffic_project.c,93 :: 		portb.b6=0 ;
0x017F	0x1306      	BCF        PORTB, 6
;traffic_project.c,94 :: 		portb.b2=0;
0x0180	0x1106      	BCF        PORTB, 2
;traffic_project.c,95 :: 		portb.b4=1;
0x0181	0x1606      	BSF        PORTB, 4
;traffic_project.c,96 :: 		porta=2;
0x0182	0x3002      	MOVLW      2
0x0183	0x0085      	MOVWF      PORTA
;traffic_project.c,97 :: 		porte=2;
0x0184	0x3002      	MOVLW      2
0x0185	0x0089      	MOVWF      PORTE
;traffic_project.c,99 :: 		for(seg1=10,seg3=7;seg1<12;seg1++,seg3++){
0x0186	0x300A      	MOVLW      10
0x0187	0x00A6      	MOVWF      _seg1
0x0188	0x3007      	MOVLW      7
0x0189	0x00A7      	MOVWF      _seg3
L_main48:
0x018A	0x300C      	MOVLW      12
0x018B	0x0226      	SUBWF      _seg1, 0
0x018C	0x1803      	BTFSC      STATUS, 0
0x018D	0x29C2      	GOTO       L_main49
;traffic_project.c,100 :: 		if(seg1==11){seg1=1;porta--;}
0x018E	0x0826      	MOVF       _seg1, 0
0x018F	0x3A0B      	XORLW      11
0x0190	0x1D03      	BTFSS      STATUS, 2
0x0191	0x2998      	GOTO       L_main51
0x0192	0x3001      	MOVLW      1
0x0193	0x00A6      	MOVWF      _seg1
0x0194	0x0305      	DECF       PORTA, 0
0x0195	0x00F0      	MOVWF      R0
0x0196	0x0870      	MOVF       R0, 0
0x0197	0x0085      	MOVWF      PORTA
L_main51:
;traffic_project.c,101 :: 		if(seg3==11){seg3=1;porte--;}
0x0198	0x0827      	MOVF       _seg3, 0
0x0199	0x3A0B      	XORLW      11
0x019A	0x1D03      	BTFSS      STATUS, 2
0x019B	0x29A2      	GOTO       L_main52
0x019C	0x3001      	MOVLW      1
0x019D	0x00A7      	MOVWF      _seg3
0x019E	0x0309      	DECF       PORTE, 0
0x019F	0x00F0      	MOVWF      R0
0x01A0	0x0870      	MOVF       R0, 0
0x01A1	0x0089      	MOVWF      PORTE
L_main52:
;traffic_project.c,102 :: 		portd=10-seg1;
0x01A2	0x0826      	MOVF       _seg1, 0
0x01A3	0x3C0A      	SUBLW      10
0x01A4	0x0088      	MOVWF      PORTD
;traffic_project.c,103 :: 		portc=10-seg3;
0x01A5	0x0827      	MOVF       _seg3, 0
0x01A6	0x3C0A      	SUBLW      10
0x01A7	0x0087      	MOVWF      PORTC
;traffic_project.c,104 :: 		if(seg1==10&&porta==0){
0x01A8	0x0826      	MOVF       _seg1, 0
0x01A9	0x3A0A      	XORLW      10
0x01AA	0x1D03      	BTFSS      STATUS, 2
0x01AB	0x29B1      	GOTO       L_main55
0x01AC	0x0805      	MOVF       PORTA, 0
0x01AD	0x3A00      	XORLW      0
0x01AE	0x1D03      	BTFSS      STATUS, 2
0x01AF	0x29B1      	GOTO       L_main55
L__main67:
;traffic_project.c,105 :: 		break;
0x01B0	0x29C2      	GOTO       L_main49
;traffic_project.c,106 :: 		}
L_main55:
;traffic_project.c,107 :: 		delay_ms(1000);
0x01B1	0x300B      	MOVLW      11
0x01B2	0x00FB      	MOVWF      R11
0x01B3	0x3026      	MOVLW      38
0x01B4	0x00FC      	MOVWF      R12
0x01B5	0x305D      	MOVLW      93
0x01B6	0x00FD      	MOVWF      R13
L_main56:
0x01B7	0x0BFD      	DECFSZ     R13, 1
0x01B8	0x29B7      	GOTO       L_main56
0x01B9	0x0BFC      	DECFSZ     R12, 1
0x01BA	0x29B7      	GOTO       L_main56
0x01BB	0x0BFB      	DECFSZ     R11, 1
0x01BC	0x29B7      	GOTO       L_main56
0x01BD	0x0000      	NOP
0x01BE	0x0000      	NOP
;traffic_project.c,99 :: 		for(seg1=10,seg3=7;seg1<12;seg1++,seg3++){
0x01BF	0x0AA6      	INCF       _seg1, 1
0x01C0	0x0AA7      	INCF       _seg3, 1
;traffic_project.c,108 :: 		}
0x01C1	0x298A      	GOTO       L_main48
L_main49:
;traffic_project.c,110 :: 		portb.b4=0;
0x01C2	0x1206      	BCF        PORTB, 4
;traffic_project.c,111 :: 		portb.b3=1;
0x01C3	0x1586      	BSF        PORTB, 3
;traffic_project.c,112 :: 		porta=0;
0x01C4	0x0185      	CLRF       PORTA
;traffic_project.c,113 :: 		for(seg1=7;seg1<10;seg1++,seg3++){
0x01C5	0x3007      	MOVLW      7
0x01C6	0x00A6      	MOVWF      _seg1
L_main57:
0x01C7	0x300A      	MOVLW      10
0x01C8	0x0226      	SUBWF      _seg1, 0
0x01C9	0x1803      	BTFSC      STATUS, 0
0x01CA	0x29E2      	GOTO       L_main58
;traffic_project.c,114 :: 		portd=10-seg1;
0x01CB	0x0826      	MOVF       _seg1, 0
0x01CC	0x3C0A      	SUBLW      10
0x01CD	0x0088      	MOVWF      PORTD
;traffic_project.c,115 :: 		portc=10-seg3;
0x01CE	0x0827      	MOVF       _seg3, 0
0x01CF	0x3C0A      	SUBLW      10
0x01D0	0x0087      	MOVWF      PORTC
;traffic_project.c,116 :: 		delay_ms(1000);
0x01D1	0x300B      	MOVLW      11
0x01D2	0x00FB      	MOVWF      R11
0x01D3	0x3026      	MOVLW      38
0x01D4	0x00FC      	MOVWF      R12
0x01D5	0x305D      	MOVLW      93
0x01D6	0x00FD      	MOVWF      R13
L_main60:
0x01D7	0x0BFD      	DECFSZ     R13, 1
0x01D8	0x29D7      	GOTO       L_main60
0x01D9	0x0BFC      	DECFSZ     R12, 1
0x01DA	0x29D7      	GOTO       L_main60
0x01DB	0x0BFB      	DECFSZ     R11, 1
0x01DC	0x29D7      	GOTO       L_main60
0x01DD	0x0000      	NOP
0x01DE	0x0000      	NOP
;traffic_project.c,113 :: 		for(seg1=7;seg1<10;seg1++,seg3++){
0x01DF	0x0AA6      	INCF       _seg1, 1
0x01E0	0x0AA7      	INCF       _seg3, 1
;traffic_project.c,117 :: 		}
0x01E1	0x29C7      	GOTO       L_main57
L_main58:
;traffic_project.c,118 :: 		}
0x01E2	0x292C      	GOTO       L_main33
;traffic_project.c,119 :: 		}
L_end_main:
0x01E3	0x29E3      	GOTO       $+0
; end of _main
Symbol List:
//** Routines locations **
//ADDRESS    SIZE    PROCEDURE
//----------------------------------------------
0x0004     [249]    _interrupt
0x00FD       [7]    _____DoICP
0x0104      [12]    ___CC2DW
0x0110     [212]    _main
//** Variables locations ** 
//ADDRESS    SIZE    VARIABLE
//----------------------------------------------
0x0000       [1]    INDF
0x0002       [1]    PCL
0x0003       [1]    STATUS
0x0004       [1]    FSR
0x0005       [1]    PORTA
0x0006       [1]    PORTB
0x0007       [1]    PORTC
0x0008       [1]    PORTD
0x0009       [1]    PORTE
0x000A       [1]    PCLATH
0x000B       [0]    INTE_bit
0x000B       [0]    INTF_bit
0x000B       [0]    GIE_bit
0x0024       [1]    _count
0x0025       [1]    _flag
0x0026       [1]    _seg1
0x0027       [1]    _seg3
0x0028       [2]    ___DoICPAddr
0x002A       [1]    _leds_cond
0x002B       [1]    ___savePCLATH
0x002C       [1]    ___saveSTATUS
0x0070       [1]    R0
0x0071       [1]    R1
0x0072       [1]    R2
0x0073       [1]    R3
0x0074       [1]    R4
0x0075       [1]    R5
0x0076       [1]    R6
0x0077       [1]    R7
0x0078       [1]    R8
0x0079       [1]    R9
0x007A       [1]    R10
0x007B       [1]    R11
0x007C       [1]    R12
0x007D       [1]    R13
0x007E       [1]    R14
0x007F       [1]    R15
0x0081       [0]    INTEDG_bit
0x0085       [1]    TRISA
0x0086       [1]    TRISB
0x0087       [1]    TRISC
0x0088       [1]    TRISD
0x0089       [1]    TRISE
0x009F       [1]    ADCON1
